app/manifest-merger-release-report.txt
-- Merging decision tree log ---
manifest
ADDED from AndroidManifest.xml:2:1
	package
		ADDED from AndroidManifest.xml:3:5
		INJECTED from AndroidManifest.xml:0:0
		INJECTED from AndroidManifest.xml:0:0
	android:versionName
		INJECTED from AndroidManifest.xml:0:0
		INJECTED from AndroidManifest.xml:0:0
	xmlns:android
		ADDED from AndroidManifest.xml:2:11
	android:versionCode
		INJECTED from AndroidManifest.xml:0:0
		INJECTED from AndroidManifest.xml:0:0
meta-data#DATABASE
ADDED from AndroidManifest.xml:5:5
	android:value
		ADDED from AndroidManifest.xml:5:40
	android:name
		ADDED from AndroidManifest.xml:5:16
meta-data#VERSION
ADDED from AndroidManifest.xml:6:5
	android:value
		ADDED from AndroidManifest.xml:6:39
	android:name
		ADDED from AndroidManifest.xml:6:16
meta-data#QUERY_LOG
ADDED from AndroidManifest.xml:7:5
	android:value
		ADDED from AndroidManifest.xml:7:41
	android:name
		ADDED from AndroidManifest.xml:7:16
meta-data#DOMAIN_PACKAGE_NAME
ADDED from AndroidManifest.xml:8:5
	android:value
		ADDED from AndroidManifest.xml:8:51
	android:name
		ADDED from AndroidManifest.xml:8:16
uses-permission#android.permission.WRITE_EXTERNAL_STORAGE
ADDED from AndroidManifest.xml:10:5
	android:name
		ADDED from AndroidManifest.xml:10:22
uses-permission#android.permission.READ_EXTERNAL_STORAGE
ADDED from AndroidManifest.xml:11:5
	android:name
		ADDED from AndroidManifest.xml:11:22
application
ADDED from AndroidManifest.xml:13:5
MERGED from com.github.satyan:sugar:1.3:11:5
	android:label
		ADDED from AndroidManifest.xml:17:9
	android:allowBackup
		ADDED from AndroidManifest.xml:15:9
	android:icon
		ADDED from AndroidManifest.xml:16:9
	android:theme
		ADDED from AndroidManifest.xml:18:9
	android:name
		ADDED from AndroidManifest.xml:14:9
activity#nl.wiegman.timetracker.MainActivity
ADDED from AndroidManifest.xml:19:9
	android:label
		ADDED from AndroidManifest.xml:21:13
	android:name
		ADDED from AndroidManifest.xml:20:13
intent-filter#android.intent.action.MAIN+android.intent.category.LAUNCHER
ADDED from AndroidManifest.xml:22:13
action#android.intent.action.MAIN
ADDED from AndroidManifest.xml:23:17
	android:name
		ADDED from AndroidManifest.xml:23:25
category#android.intent.category.LAUNCHER
ADDED from AndroidManifest.xml:25:17
	android:name
		ADDED from AndroidManifest.xml:25:27
receiver#nl.wiegman.timetracker.widget.CheckInCheckOutWidgetProvider
ADDED from AndroidManifest.xml:29:9
	android:name
		ADDED from AndroidManifest.xml:29:19
intent-filter#android.appwidget.action.APPWIDGET_UPDATE+nl.timetracker.intent.action.toggle_checkin_checkout+nl.timetracker.intent.action.update_widget
ADDED from AndroidManifest.xml:30:13
action#android.appwidget.action.APPWIDGET_UPDATE
ADDED from AndroidManifest.xml:31:17
	android:name
		ADDED from AndroidManifest.xml:31:25
action#nl.timetracker.intent.action.toggle_checkin_checkout
ADDED from AndroidManifest.xml:32:17
	android:name
		ADDED from AndroidManifest.xml:32:25
action#nl.timetracker.intent.action.update_widget
ADDED from AndroidManifest.xml:33:17
	android:name
		ADDED from AndroidManifest.xml:33:25
meta-data#android.appwidget.provider
ADDED from AndroidManifest.xml:35:13
	android:resource
		ADDED from AndroidManifest.xml:35:66
	android:name
		ADDED from AndroidManifest.xml:35:24
uses-sdk
INJECTED from AndroidManifest.xml:0:0 reason: use-sdk injection requested
MERGED from com.github.satyan:sugar:1.3:7:5
	android:targetSdkVersion
		INJECTED from AndroidManifest.xml:0:0
		INJECTED from AndroidManifest.xml:0:0
	android:minSdkVersion
		INJECTED from AndroidManifest.xml:0:0
		INJECTED from AndroidManifest.xml:0:0